This file contains any messages produced by compilers while
running configure, to aid debugging if configure makes a mistake.

It was created by libfprint configure 0.1.0-pre2, which was
generated by GNU Autoconf 2.63.  Invocation command line was

  $ ./configure 

## --------- ##
## Platform. ##
## --------- ##

hostname = ubuntu
uname -m = i686
uname -r = 3.8.0-29-generic
uname -s = Linux
uname -v = #42~precise1-Ubuntu SMP Wed Aug 14 15:31:16 UTC 2013

/usr/bin/uname -p = unknown
/bin/uname -X     = unknown

/bin/arch              = unknown
/usr/bin/arch -k       = unknown
/usr/convex/getsysinfo = unknown
/usr/bin/hostinfo      = unknown
/bin/machine           = unknown
/usr/bin/oslevel       = unknown
/bin/universe          = unknown

PATH: /usr/lib/lightdm/lightdm
PATH: /usr/local/sbin
PATH: /usr/local/bin
PATH: /usr/sbin
PATH: /usr/bin
PATH: /sbin
PATH: /bin
PATH: /usr/games


## ----------- ##
## Core tests. ##
## ----------- ##

configure:2130: checking for a BSD-compatible install
configure:2198: result: /usr/bin/install -c
configure:2209: checking whether build environment is sane
configure:2252: result: yes
configure:2277: checking for a thread-safe mkdir -p
configure:2316: result: /bin/mkdir -p
configure:2329: checking for gawk
configure:2359: result: no
configure:2329: checking for mawk
configure:2345: found /usr/bin/mawk
configure:2356: result: mawk
configure:2367: checking whether make sets $(MAKE)
configure:2389: result: yes
configure:2627: checking for gcc
configure:2643: found /usr/bin/gcc
configure:2654: result: gcc
configure:2886: checking for C compiler version
configure:2894: gcc --version >&5
gcc (Ubuntu/Linaro 4.6.3-1ubuntu5) 4.6.3
Copyright (C) 2011 Free Software Foundation, Inc.
This is free software; see the source for copying conditions.  There is NO
warranty; not even for MERCHANTABILITY or FITNESS FOR A PARTICULAR PURPOSE.

configure:2898: $? = 0
configure:2905: gcc -v >&5
Using built-in specs.
COLLECT_GCC=gcc
COLLECT_LTO_WRAPPER=/usr/lib/gcc/i686-linux-gnu/4.6/lto-wrapper
Target: i686-linux-gnu
Configured with: ../src/configure -v --with-pkgversion='Ubuntu/Linaro 4.6.3-1ubuntu5' --with-bugurl=file:///usr/share/doc/gcc-4.6/README.Bugs --enable-languages=c,c++,fortran,objc,obj-c++ --prefix=/usr --program-suffix=-4.6 --enable-shared --enable-linker-build-id --with-system-zlib --libexecdir=/usr/lib --without-included-gettext --enable-threads=posix --with-gxx-include-dir=/usr/include/c++/4.6 --libdir=/usr/lib --enable-nls --with-sysroot=/ --enable-clocale=gnu --enable-libstdcxx-debug --enable-libstdcxx-time=yes --enable-gnu-unique-object --enable-plugin --enable-objc-gc --enable-targets=all --disable-werror --with-arch-32=i686 --with-tune=generic --enable-checking=release --build=i686-linux-gnu --host=i686-linux-gnu --target=i686-linux-gnu
Thread model: posix
gcc version 4.6.3 (Ubuntu/Linaro 4.6.3-1ubuntu5) 
configure:2909: $? = 0
configure:2916: gcc -V >&5
gcc: error: unrecognized option '-V'
gcc: fatal error: no input files
compilation terminated.
configure:2920: $? = 4
configure:2943: checking for C compiler default output file name
configure:2965: gcc    conftest.c  >&5
configure:2969: $? = 0
configure:3007: result: a.out
configure:3026: checking whether the C compiler works
configure:3036: ./a.out
configure:3040: $? = 0
configure:3059: result: yes
configure:3066: checking whether we are cross compiling
configure:3068: result: no
configure:3071: checking for suffix of executables
configure:3078: gcc -o conftest    conftest.c  >&5
configure:3082: $? = 0
configure:3108: result: 
configure:3114: checking for suffix of object files
configure:3140: gcc -c   conftest.c >&5
configure:3144: $? = 0
configure:3169: result: o
configure:3173: checking whether we are using the GNU C compiler
configure:3202: gcc -c   conftest.c >&5
configure:3209: $? = 0
configure:3226: result: yes
configure:3235: checking whether gcc accepts -g
configure:3265: gcc -c -g  conftest.c >&5
configure:3272: $? = 0
configure:3373: result: yes
configure:3390: checking for gcc option to accept ISO C89
configure:3464: gcc  -c -g -O2  conftest.c >&5
configure:3471: $? = 0
configure:3494: result: none needed
configure:3523: checking for style of include used by make
configure:3551: result: GNU
configure:3576: checking dependency style of gcc
configure:3667: result: gcc3
configure:3713: checking build system type
configure:3731: result: i686-pc-linux-gnu
configure:3753: checking host system type
configure:3768: result: i686-pc-linux-gnu
configure:3790: checking for a sed that does not truncate output
configure:3856: result: /bin/sed
configure:3874: checking for grep that handles long lines and -e
configure:3934: result: /bin/grep
configure:3939: checking for egrep
configure:4003: result: /bin/grep -E
configure:4008: checking for fgrep
configure:4072: result: /bin/grep -F
configure:4107: checking for ld used by gcc
configure:4174: result: /usr/bin/ld
configure:4183: checking if the linker (/usr/bin/ld) is GNU ld
configure:4198: result: yes
configure:4210: checking for BSD- or MS-compatible name lister (nm)
configure:4259: result: /usr/bin/nm -B
configure:4377: checking the name lister (/usr/bin/nm -B) interface
configure:4384: gcc -c -g -O2  conftest.c >&5
configure:4387: /usr/bin/nm -B "conftest.o"
configure:4390: output
00000000 B some_variable
configure:4397: result: BSD nm
configure:4400: checking whether ln -s works
configure:4404: result: yes
configure:4412: checking the maximum length of command line arguments
configure:4532: result: 1572864
configure:4549: checking whether the shell understands some XSI constructs
configure:4559: result: yes
configure:4563: checking whether the shell understands "+="
configure:4569: result: yes
configure:4604: checking for /usr/bin/ld option to reload object files
configure:4611: result: -r
configure:4680: checking for objdump
configure:4696: found /usr/bin/objdump
configure:4707: result: objdump
configure:4739: checking how to recognize dependent libraries
configure:4935: result: pass_all
configure:4995: checking for ar
configure:5011: found /usr/bin/ar
configure:5022: result: ar
configure:5100: checking for strip
configure:5116: found /usr/bin/strip
configure:5127: result: strip
configure:5199: checking for ranlib
configure:5215: found /usr/bin/ranlib
configure:5226: result: ranlib
configure:5316: checking command to parse /usr/bin/nm -B output from gcc object
configure:5434: gcc -c -g -O2  conftest.c >&5
configure:5437: $? = 0
configure:5441: /usr/bin/nm -B conftest.o \| sed -n -e 's/^.*[	 ]\([ABCDGIRSTW][ABCDGIRSTW]*\)[	 ][	 ]*\([_A-Za-z][_A-Za-z0-9]*\)$/\1 \2 \2/p' \> conftest.nm
configure:5444: $? = 0
configure:5498: gcc -o conftest -g -O2   conftest.c conftstm.o >&5
configure:5501: $? = 0
configure:5539: result: ok
configure:6406: checking how to run the C preprocessor
configure:6446: gcc -E  conftest.c
configure:6453: $? = 0
configure:6484: gcc -E  conftest.c
conftest.c:10:28: fatal error: ac_nonexistent.h: No such file or directory
compilation terminated.
configure:6491: $? = 1
configure: failed program was:
| /* confdefs.h.  */
| #define PACKAGE_NAME "libfprint"
| #define PACKAGE_TARNAME "libfprint"
| #define PACKAGE_VERSION "0.1.0-pre2"
| #define PACKAGE_STRING "libfprint 0.1.0-pre2"
| #define PACKAGE_BUGREPORT ""
| #define PACKAGE "libfprint"
| #define VERSION "0.1.0-pre2"
| /* end confdefs.h.  */
| #include <ac_nonexistent.h>
configure:6524: result: gcc -E
configure:6553: gcc -E  conftest.c
configure:6560: $? = 0
configure:6591: gcc -E  conftest.c
conftest.c:10:28: fatal error: ac_nonexistent.h: No such file or directory
compilation terminated.
configure:6598: $? = 1
configure: failed program was:
| /* confdefs.h.  */
| #define PACKAGE_NAME "libfprint"
| #define PACKAGE_TARNAME "libfprint"
| #define PACKAGE_VERSION "0.1.0-pre2"
| #define PACKAGE_STRING "libfprint 0.1.0-pre2"
| #define PACKAGE_BUGREPORT ""
| #define PACKAGE "libfprint"
| #define VERSION "0.1.0-pre2"
| /* end confdefs.h.  */
| #include <ac_nonexistent.h>
configure:6638: checking for ANSI C header files
configure:6668: gcc -c -g -O2  conftest.c >&5
configure:6675: $? = 0
configure:6774: gcc -o conftest -g -O2   conftest.c  >&5
configure:6778: $? = 0
configure:6784: ./conftest
configure:6788: $? = 0
configure:6806: result: yes
configure:6830: checking for sys/types.h
configure:6851: gcc -c -g -O2  conftest.c >&5
configure:6858: $? = 0
configure:6875: result: yes
configure:6830: checking for sys/stat.h
configure:6851: gcc -c -g -O2  conftest.c >&5
configure:6858: $? = 0
configure:6875: result: yes
configure:6830: checking for stdlib.h
configure:6851: gcc -c -g -O2  conftest.c >&5
configure:6858: $? = 0
configure:6875: result: yes
configure:6830: checking for string.h
configure:6851: gcc -c -g -O2  conftest.c >&5
configure:6858: $? = 0
configure:6875: result: yes
configure:6830: checking for memory.h
configure:6851: gcc -c -g -O2  conftest.c >&5
configure:6858: $? = 0
configure:6875: result: yes
configure:6830: checking for strings.h
configure:6851: gcc -c -g -O2  conftest.c >&5
configure:6858: $? = 0
configure:6875: result: yes
configure:6830: checking for inttypes.h
configure:6851: gcc -c -g -O2  conftest.c >&5
configure:6858: $? = 0
configure:6875: result: yes
configure:6830: checking for stdint.h
configure:6851: gcc -c -g -O2  conftest.c >&5
configure:6858: $? = 0
configure:6875: result: yes
configure:6830: checking for unistd.h
configure:6851: gcc -c -g -O2  conftest.c >&5
configure:6858: $? = 0
configure:6875: result: yes
configure:6893: checking for dlfcn.h
configure:6914: gcc -c -g -O2  conftest.c >&5
configure:6921: $? = 0
configure:6938: result: yes
configure:7124: checking for objdir
configure:7139: result: .libs
configure:7435: checking if gcc supports -fno-rtti -fno-exceptions
configure:7453: gcc -c -g -O2  -fno-rtti -fno-exceptions conftest.c >&5
cc1: warning: command line option '-fno-rtti' is valid for C++/ObjC++ but not for C [enabled by default]
configure:7457: $? = 0
configure:7470: result: no
configure:7490: checking for gcc option to produce PIC
configure:7762: result: -fPIC -DPIC
configure:7774: checking if gcc PIC flag -fPIC -DPIC works
configure:7792: gcc -c -g -O2  -fPIC -DPIC -DPIC conftest.c >&5
configure:7796: $? = 0
configure:7809: result: yes
configure:7833: checking if gcc static flag -static works
configure:7861: result: yes
configure:7876: checking if gcc supports -c -o file.o
configure:7897: gcc -c -g -O2  -o out/conftest2.o conftest.c >&5
configure:7901: $? = 0
configure:7923: result: yes
configure:7931: checking if gcc supports -c -o file.o
configure:7978: result: yes
configure:8011: checking whether the gcc linker (/usr/bin/ld) supports shared libraries
configure:9085: result: yes
configure:9122: checking whether -lc should be explicitly linked in
configure:9127: gcc -c -g -O2  conftest.c >&5
configure:9130: $? = 0
configure:9145: gcc -shared conftest.o  -v -Wl,-soname -Wl,conftest -o conftest 2\>\&1 \| /bin/grep  -lc  \>/dev/null 2\>\&1
configure:9148: $? = 0
configure:9160: result: no
configure:9324: checking dynamic linker characteristics
configure:9780: gcc -o conftest -g -O2   -Wl,-rpath -Wl,/foo conftest.c  >&5
configure:9787: $? = 0
configure:10020: result: GNU/Linux ld.so
configure:10122: checking how to hardcode library paths into programs
configure:10147: result: immediate
configure:10980: checking whether stripping libraries is possible
configure:10985: result: yes
configure:11020: checking if libtool supports shared libraries
configure:11022: result: yes
configure:11025: checking whether to build shared libraries
configure:11046: result: yes
configure:11049: checking whether to build static libraries
configure:11053: result: yes
configure:11088: checking for inline
configure:11114: gcc -c -g -O2  conftest.c >&5
configure:11121: $? = 0
configure:11139: result: inline
configure:11159: checking whether gcc and cc understand -c and -o together
configure:11194: gcc -c conftest.c -o conftest2.o >&5
configure:11198: $? = 0
configure:11204: gcc -c conftest.c -o conftest2.o >&5
configure:11208: $? = 0
configure:11219: cc -c conftest.c >&5
configure:11223: $? = 0
configure:11231: cc -c conftest.c -o conftest2.o >&5
configure:11235: $? = 0
configure:11241: cc -c conftest.c -o conftest2.o >&5
configure:11245: $? = 0
configure:11263: result: yes
configure:11526: checking for pkg-config
configure:11544: found /usr/bin/pkg-config
configure:11556: result: /usr/bin/pkg-config
configure:11581: checking pkg-config is at least version 0.9.0
configure:11584: result: yes
configure:11595: checking for LIBUSB
configure:11602: $PKG_CONFIG --exists --print-errors "libusb-1.0 >= 0.9.1"
configure:11605: $? = 0
configure:11618: $PKG_CONFIG --exists --print-errors "libusb-1.0 >= 0.9.1"
configure:11621: $? = 0
configure:11698: result: yes
configure:11708: checking for CRYPTO
configure:11715: $PKG_CONFIG --exists --print-errors ""libcrypto""
configure:11718: $? = 0
configure:11731: $PKG_CONFIG --exists --print-errors ""libcrypto""
configure:11734: $? = 0
configure:11811: result: yes
configure:11820: checking for GLIB
configure:11827: $PKG_CONFIG --exists --print-errors ""glib-2.0""
configure:11830: $? = 0
configure:11843: $PKG_CONFIG --exists --print-errors ""glib-2.0""
configure:11846: $? = 0
configure:11923: result: yes
configure:11933: checking for IMAGEMAGICK
configure:11940: $PKG_CONFIG --exists --print-errors ""ImageMagick""
configure:11943: $? = 0
configure:11956: $PKG_CONFIG --exists --print-errors ""ImageMagick""
configure:11959: $? = 0
configure:12036: result: yes
configure:12207: gcc -c -g -O2 -fgnu89-inline  conftest.c >&5
configure:12214: $? = 0
configure:12426: creating ./config.status

## ---------------------- ##
## Running config.status. ##
## ---------------------- ##

This file was extended by libfprint config.status 0.1.0-pre2, which was
generated by GNU Autoconf 2.63.  Invocation command line was

  CONFIG_FILES    = 
  CONFIG_HEADERS  = 
  CONFIG_LINKS    = 
  CONFIG_COMMANDS = 
  $ ./config.status 

on ubuntu

config.status:1032: creating libfprint.pc
config.status:1032: creating Makefile
config.status:1032: creating libfprint/Makefile
config.status:1032: creating examples/Makefile
config.status:1032: creating doc/Makefile
config.status:1032: creating config.h
config.status:1306: executing depfiles commands
config.status:1306: executing libtool commands

## ---------------- ##
## Cache variables. ##
## ---------------- ##

ac_cv_build=i686-pc-linux-gnu
ac_cv_c_compiler_gnu=yes
ac_cv_c_inline=inline
ac_cv_env_CC_set=
ac_cv_env_CC_value=
ac_cv_env_CFLAGS_set=
ac_cv_env_CFLAGS_value=
ac_cv_env_CPPFLAGS_set=
ac_cv_env_CPPFLAGS_value=
ac_cv_env_CPP_set=
ac_cv_env_CPP_value=
ac_cv_env_CRYPTO_CFLAGS_set=
ac_cv_env_CRYPTO_CFLAGS_value=
ac_cv_env_CRYPTO_LIBS_set=
ac_cv_env_CRYPTO_LIBS_value=
ac_cv_env_GLIB_CFLAGS_set=
ac_cv_env_GLIB_CFLAGS_value=
ac_cv_env_GLIB_LIBS_set=
ac_cv_env_GLIB_LIBS_value=
ac_cv_env_IMAGEMAGICK_CFLAGS_set=
ac_cv_env_IMAGEMAGICK_CFLAGS_value=
ac_cv_env_IMAGEMAGICK_LIBS_set=
ac_cv_env_IMAGEMAGICK_LIBS_value=
ac_cv_env_LDFLAGS_set=
ac_cv_env_LDFLAGS_value=
ac_cv_env_LIBS_set=
ac_cv_env_LIBS_value=
ac_cv_env_LIBUSB_CFLAGS_set=
ac_cv_env_LIBUSB_CFLAGS_value=
ac_cv_env_LIBUSB_LIBS_set=
ac_cv_env_LIBUSB_LIBS_value=
ac_cv_env_PKG_CONFIG_set=
ac_cv_env_PKG_CONFIG_value=
ac_cv_env_build_alias_set=
ac_cv_env_build_alias_value=
ac_cv_env_host_alias_set=
ac_cv_env_host_alias_value=
ac_cv_env_target_alias_set=
ac_cv_env_target_alias_value=
ac_cv_header_dlfcn_h=yes
ac_cv_header_inttypes_h=yes
ac_cv_header_memory_h=yes
ac_cv_header_stdc=yes
ac_cv_header_stdint_h=yes
ac_cv_header_stdlib_h=yes
ac_cv_header_string_h=yes
ac_cv_header_strings_h=yes
ac_cv_header_sys_stat_h=yes
ac_cv_header_sys_types_h=yes
ac_cv_header_unistd_h=yes
ac_cv_host=i686-pc-linux-gnu
ac_cv_objext=o
ac_cv_path_EGREP='/bin/grep -E'
ac_cv_path_FGREP='/bin/grep -F'
ac_cv_path_GREP=/bin/grep
ac_cv_path_SED=/bin/sed
ac_cv_path_ac_pt_PKG_CONFIG=/usr/bin/pkg-config
ac_cv_path_install='/usr/bin/install -c'
ac_cv_path_mkdir=/bin/mkdir
ac_cv_prog_AWK=mawk
ac_cv_prog_CPP='gcc -E'
ac_cv_prog_ac_ct_AR=ar
ac_cv_prog_ac_ct_CC=gcc
ac_cv_prog_ac_ct_OBJDUMP=objdump
ac_cv_prog_ac_ct_RANLIB=ranlib
ac_cv_prog_ac_ct_STRIP=strip
ac_cv_prog_cc_c89=
ac_cv_prog_cc_g=yes
ac_cv_prog_cc_gcc_c_o=yes
ac_cv_prog_make_make_set=yes
am_cv_CC_dependencies_compiler_type=gcc3
lt_cv_deplibs_check_method=pass_all
lt_cv_file_magic_cmd='$MAGIC_CMD'
lt_cv_file_magic_test_file=
lt_cv_ld_reload_flag=-r
lt_cv_nm_interface='BSD nm'
lt_cv_objdir=.libs
lt_cv_path_LD=/usr/bin/ld
lt_cv_path_NM='/usr/bin/nm -B'
lt_cv_prog_compiler_c_o=yes
lt_cv_prog_compiler_pic_works=yes
lt_cv_prog_compiler_rtti_exceptions=no
lt_cv_prog_compiler_static_works=yes
lt_cv_prog_gnu_ld=yes
lt_cv_sys_global_symbol_pipe='sed -n -e '\''s/^.*[	 ]\([ABCDGIRSTW][ABCDGIRSTW]*\)[	 ][	 ]*\([_A-Za-z][_A-Za-z0-9]*\)$/\1 \2 \2/p'\'''
lt_cv_sys_global_symbol_to_c_name_address='sed -n -e '\''s/^: \([^ ]*\) $/  {\"\1\", (void *) 0},/p'\'' -e '\''s/^[ABCDGIRSTW]* \([^ ]*\) \([^ ]*\)$/  {"\2", (void *) \&\2},/p'\'''
lt_cv_sys_global_symbol_to_c_name_address_lib_prefix='sed -n -e '\''s/^: \([^ ]*\) $/  {\"\1\", (void *) 0},/p'\'' -e '\''s/^[ABCDGIRSTW]* \([^ ]*\) \(lib[^ ]*\)$/  {"\2", (void *) \&\2},/p'\'' -e '\''s/^[ABCDGIRSTW]* \([^ ]*\) \([^ ]*\)$/  {"lib\2", (void *) \&\2},/p'\'''
lt_cv_sys_global_symbol_to_cdecl='sed -n -e '\''s/^T .* \(.*\)$/extern int \1();/p'\'' -e '\''s/^[ABCDGIRSTW]* .* \(.*\)$/extern char \1;/p'\'''
lt_cv_sys_max_cmd_len=1572864
pkg_cv_CRYPTO_CFLAGS=' '
pkg_cv_CRYPTO_LIBS='-lcrypto  '
pkg_cv_GLIB_CFLAGS='-I/usr/include/glib-2.0 -I/usr/lib/i386-linux-gnu/glib-2.0/include  '
pkg_cv_GLIB_LIBS='-lglib-2.0  '
pkg_cv_IMAGEMAGICK_CFLAGS='-fopenmp -I/usr/include/ImageMagick  '
pkg_cv_IMAGEMAGICK_LIBS='-lMagickCore  '
pkg_cv_LIBUSB_CFLAGS='-I/usr/include/libusb-1.0  '
pkg_cv_LIBUSB_LIBS='-lusb-1.0  '

## ----------------- ##
## Output variables. ##
## ----------------- ##

ACLOCAL='${SHELL} /home/jlr/Desktop/libfprint-0.1.0-pre2/missing --run aclocal-1.10'
AMDEPBACKSLASH='\'
AMDEP_FALSE='#'
AMDEP_TRUE=''
AMTAR='${SHELL} /home/jlr/Desktop/libfprint-0.1.0-pre2/missing --run tar'
AM_CFLAGS='-std=gnu99 -fgnu89-inline -Wall -Wundef -Wunused -Wstrict-prototypes -Werror-implicit-function-declaration -Wno-pointer-sign -Wshadow'
AR='ar'
AUTOCONF='${SHELL} /home/jlr/Desktop/libfprint-0.1.0-pre2/missing --run autoconf'
AUTOHEADER='${SHELL} /home/jlr/Desktop/libfprint-0.1.0-pre2/missing --run autoheader'
AUTOMAKE='${SHELL} /home/jlr/Desktop/libfprint-0.1.0-pre2/missing --run automake-1.10'
AWK='mawk'
BUILD_EXAMPLES_FALSE=''
BUILD_EXAMPLES_TRUE='#'
BUILD_X11_EXAMPLES_FALSE=''
BUILD_X11_EXAMPLES_TRUE='#'
CC='gcc'
CCDEPMODE='depmode=gcc3'
CFLAGS='-g -O2'
CPP='gcc -E'
CPPFLAGS=''
CRYPTO_CFLAGS=' '
CRYPTO_LIBS='-lcrypto  '
CYGPATH_W='echo'
DEFS='-DHAVE_CONFIG_H'
DEPDIR='.deps'
DSYMUTIL=''
DUMPBIN=''
ECHO_C=''
ECHO_N='-n'
ECHO_T=''
EGREP='/bin/grep -E'
ENABLE_AES2501_FALSE='#'
ENABLE_AES2501_TRUE=''
ENABLE_AES4000_FALSE='#'
ENABLE_AES4000_TRUE=''
ENABLE_UPEKSONLY_FALSE='#'
ENABLE_UPEKSONLY_TRUE=''
ENABLE_UPEKTS_FALSE='#'
ENABLE_UPEKTS_TRUE=''
ENABLE_URU4000_FALSE='#'
ENABLE_URU4000_TRUE=''
ENABLE_VCOM5S_FALSE='#'
ENABLE_VCOM5S_TRUE=''
EXEEXT=''
FGREP='/bin/grep -F'
GLIB_CFLAGS='-I/usr/include/glib-2.0 -I/usr/lib/i386-linux-gnu/glib-2.0/include  '
GLIB_LIBS='-lglib-2.0  '
GREP='/bin/grep'
IMAGEMAGICK_CFLAGS='-fopenmp -I/usr/include/ImageMagick  '
IMAGEMAGICK_LIBS='-lMagickCore  '
INSTALL_DATA='${INSTALL} -m 644'
INSTALL_PROGRAM='${INSTALL}'
INSTALL_SCRIPT='${INSTALL}'
INSTALL_STRIP_PROGRAM='$(install_sh) -c -s'
LD='/usr/bin/ld'
LDFLAGS=''
LIBOBJS=''
LIBS=''
LIBTOOL='$(SHELL) $(top_builddir)/libtool'
LIBUSB_CFLAGS='-I/usr/include/libusb-1.0  '
LIBUSB_LIBS='-lusb-1.0  '
LIPO=''
LN_S='ln -s'
LTLIBOBJS=''
MAKEINFO='${SHELL} /home/jlr/Desktop/libfprint-0.1.0-pre2/missing --run makeinfo'
MKDIR_P='/bin/mkdir -p'
NM='/usr/bin/nm -B'
NMEDIT=''
OBJDUMP='objdump'
OBJEXT='o'
OTOOL64=''
OTOOL=''
PACKAGE='libfprint'
PACKAGE_BUGREPORT=''
PACKAGE_NAME='libfprint'
PACKAGE_STRING='libfprint 0.1.0-pre2'
PACKAGE_TARNAME='libfprint'
PACKAGE_VERSION='0.1.0-pre2'
PATH_SEPARATOR=':'
PKG_CONFIG='/usr/bin/pkg-config'
RANLIB='ranlib'
REQUIRE_AESLIB_FALSE='#'
REQUIRE_AESLIB_TRUE=''
REQUIRE_IMAGEMAGICK_FALSE='#'
REQUIRE_IMAGEMAGICK_TRUE=''
SED='/bin/sed'
SET_MAKE=''
SHELL='/bin/bash'
STRIP='strip'
VERSION='0.1.0-pre2'
XV_CFLAGS=''
XV_LIBS=''
ac_ct_CC='gcc'
ac_ct_DUMPBIN=''
am__fastdepCC_FALSE='#'
am__fastdepCC_TRUE=''
am__include='include'
am__isrc=''
am__leading_dot='.'
am__quote=''
am__tar='${AMTAR} chof - "$$tardir"'
am__untar='${AMTAR} xf -'
bindir='${exec_prefix}/bin'
build='i686-pc-linux-gnu'
build_alias=''
build_cpu='i686'
build_os='linux-gnu'
build_vendor='pc'
datadir='${datarootdir}'
datarootdir='${prefix}/share'
docdir='${datarootdir}/doc/${PACKAGE_TARNAME}'
dvidir='${docdir}'
exec_prefix='${prefix}'
host='i686-pc-linux-gnu'
host_alias=''
host_cpu='i686'
host_os='linux-gnu'
host_vendor='pc'
htmldir='${docdir}'
includedir='${prefix}/include'
infodir='${datarootdir}/info'
install_sh='$(SHELL) /home/jlr/Desktop/libfprint-0.1.0-pre2/install-sh'
libdir='${exec_prefix}/lib'
libexecdir='${exec_prefix}/libexec'
localedir='${datarootdir}/locale'
localstatedir='${prefix}/var'
lt_ECHO='echo'
lt_age='0'
lt_major='0'
lt_revision='0'
mandir='${datarootdir}/man'
mkdir_p='/bin/mkdir -p'
oldincludedir='/usr/include'
pdfdir='${docdir}'
prefix='/usr/local'
program_transform_name='s,x,x,'
psdir='${docdir}'
sbindir='${exec_prefix}/sbin'
sharedstatedir='${prefix}/com'
sysconfdir='${prefix}/etc'
target_alias=''

## ----------- ##
## confdefs.h. ##
## ----------- ##

#define PACKAGE_NAME "libfprint"
#define PACKAGE_TARNAME "libfprint"
#define PACKAGE_VERSION "0.1.0-pre2"
#define PACKAGE_STRING "libfprint 0.1.0-pre2"
#define PACKAGE_BUGREPORT ""
#define PACKAGE "libfprint"
#define VERSION "0.1.0-pre2"
#define STDC_HEADERS 1
#define HAVE_SYS_TYPES_H 1
#define HAVE_SYS_STAT_H 1
#define HAVE_STDLIB_H 1
#define HAVE_STRING_H 1
#define HAVE_MEMORY_H 1
#define HAVE_STRINGS_H 1
#define HAVE_INTTYPES_H 1
#define HAVE_STDINT_H 1
#define HAVE_UNISTD_H 1
#define HAVE_DLFCN_H 1
#define LT_OBJDIR ".libs/"
#define _GNU_SOURCE /**/
#define ENABLE_UPEKTS /**/
#define ENABLE_UPEKTC /**/
#define ENABLE_UPEKSONLY /**/
#define ENABLE_VCOM5S /**/
#define ENABLE_URU4000 /**/
#define ENABLE_FDU2000 /**/
#define ENABLE_AES1610 /**/
#define ENABLE_AES2501 /**/
#define ENABLE_AES4000 /**/
#define ENABLE_LOGGING 1
#define API_EXPORTED __attribute__((visibility("default")))

configure: exit 0
